<?xml version="1.0" encoding="UTF-8"?><testsuite errors="1" failures="0" name="Verify the correct functioning of the purchasing process in yourStore" skipped="0" tests="1" time="16.52" timestamp="2022-10-31 04:52:58"><testcase name="Make a purchase on the yourStore Website"><error message="No such field co.com.choucair.certification.PruebaTecnica.model.Person.company" type="cucumber.runtime.CucumberException">No such field co.com.choucair.certification.PruebaTecnica.model.Person.company</error><system-err>No such field co.com.choucair.certification.PruebaTecnica.model.Person.company&#13;
cucumber.runner.Runner.runPickle(Runner.java:80)&#13;
</system-err></testcase></testsuite>